# JRE version: OpenJDK Runtime Environment (8.0_111-b14) (build 1.8.0_111-8u111-b14-2ubuntu0.16.04.2-b14)
# Java VM: OpenJDK 64-Bit Server VM (25.111-b14 mixed mode linux-amd64 compressed oops)
Heap:
 PSYoungGen      total 230400K, used 96K [0x00000000eb800000, 0x00000000fa600000, 0x0000000100000000)
  eden space 217600K, 0% used [0x00000000eb800000,0x00000000eb800000,0x00000000f8c80000)
  from space 12800K, 0% used [0x00000000f8d00000,0x00000000f8d18000,0x00000000f9980000)
  to   space 8192K, 0% used [0x00000000f9e00000,0x00000000f9e00000,0x00000000fa600000)
 ParOldGen       total 57856K, used 29067K [0x00000000c2800000, 0x00000000c6080000, 0x00000000eb800000)
  object space 57856K, 50% used [0x00000000c2800000,0x00000000c4462e28,0x00000000c6080000)
 Metaspace       used 40415K, capacity 40884K, committed 41216K, reserved 1085440K
  class space    used 4699K, capacity 4856K, committed 4864K, reserved 1048576K
GC Heap History (10 events):
Event: 4.909 GC heap after
Heap after GC invocations=10 (full 1):
 PSYoungGen      total 129536K, used 7094K [0x00000000eb800000, 0x00000000f6880000, 0x0000000100000000)
  eden space 121344K, 0% used [0x00000000eb800000,0x00000000eb800000,0x00000000f2e80000)
  from space 8192K, 86% used [0x00000000f2e80000,0x00000000f356db08,0x00000000f3680000)
  to   space 9216K, 0% used [0x00000000f5f80000,0x00000000f5f80000,0x00000000f6880000)
 ParOldGen       total 35840K, used 11432K [0x00000000c2800000, 0x00000000c4b00000, 0x00000000eb800000)
  object space 35840K, 31% used [0x00000000c2800000,0x00000000c332a148,0x00000000c4b00000)
 Metaspace       used 25261K, capacity 25590K, committed 25984K, reserved 1073152K
  class space    used 3016K, capacity 3119K, committed 3200K, reserved 1048576K
}
Event: 6.507 GC heap before
{Heap before GC invocations=11 (full 1):
 PSYoungGen      total 129536K, used 128438K [0x00000000eb800000, 0x00000000f6880000, 0x0000000100000000)
  eden space 121344K, 100% used [0x00000000eb800000,0x00000000f2e80000,0x00000000f2e80000)
  from space 8192K, 86% used [0x00000000f2e80000,0x00000000f356db08,0x00000000f3680000)
  to   space 9216K, 0% used [0x00000000f5f80000,0x00000000f5f80000,0x00000000f6880000)
 ParOldGen       total 35840K, used 11432K [0x00000000c2800000, 0x00000000c4b00000, 0x00000000eb800000)
  object space 35840K, 31% used [0x00000000c2800000,0x00000000c332a148,0x00000000c4b00000)
 Metaspace       used 30098K, capacity 30496K, committed 30848K, reserved 1077248K
  class space    used 3581K, capacity 3677K, committed 3712K, reserved 1048576K
Event: 6.526 GC heap after
Heap after GC invocations=11 (full 1):
 PSYoungGen      total 168960K, used 9207K [0x00000000eb800000, 0x00000000f7780000, 0x0000000100000000)
  eden space 159744K, 0% used [0x00000000eb800000,0x00000000eb800000,0x00000000f5400000)
  from space 9216K, 99% used [0x00000000f5f80000,0x00000000f687de70,0x00000000f6880000)
  to   space 11776K, 0% used [0x00000000f5400000,0x00000000f5400000,0x00000000f5f80000)
 ParOldGen       total 35840K, used 15098K [0x00000000c2800000, 0x00000000c4b00000, 0x00000000eb800000)
  object space 35840K, 42% used [0x00000000c2800000,0x00000000c36bebe8,0x00000000c4b00000)
 Metaspace       used 30098K, capacity 30496K, committed 30848K, reserved 1077248K
  class space    used 3581K, capacity 3677K, committed 3712K, reserved 1048576K
}
Event: 15.168 GC heap before
{Heap before GC invocations=12 (full 1):
 PSYoungGen      total 168960K, used 159227K [0x00000000eb800000, 0x00000000f7780000, 0x0000000100000000)
  eden space 159744K, 93% used [0x00000000eb800000,0x00000000f4a80de8,0x00000000f5400000)
  from space 9216K, 99% used [0x00000000f5f80000,0x00000000f687de70,0x00000000f6880000)
  to   space 11776K, 0% used [0x00000000f5400000,0x00000000f5400000,0x00000000f5f80000)
 ParOldGen       total 35840K, used 15098K [0x00000000c2800000, 0x00000000c4b00000, 0x00000000eb800000)
  object space 35840K, 42% used [0x00000000c2800000,0x00000000c36bebe8,0x00000000c4b00000)
 Metaspace       used 34830K, capacity 35232K, committed 35456K, reserved 1081344K
  class space    used 4097K, capacity 4211K, committed 4224K, reserved 1048576K
Event: 15.246 GC heap after
Heap after GC invocations=12 (full 1):
 PSYoungGen      total 171520K, used 9571K [0x00000000eb800000, 0x00000000faa80000, 0x0000000100000000)
  eden space 159744K, 0% used [0x00000000eb800000,0x00000000eb800000,0x00000000f5400000)
  from space 11776K, 81% used [0x00000000f5400000,0x00000000f5d58e90,0x00000000f5f80000)
  to   space 12800K, 0% used [0x00000000f9e00000,0x00000000f9e00000,0x00000000faa80000)
 ParOldGen       total 35840K, used 21916K [0x00000000c2800000, 0x00000000c4b00000, 0x00000000eb800000)
  object space 35840K, 61% used [0x00000000c2800000,0x00000000c3d67008,0x00000000c4b00000)
 Metaspace       used 34830K, capacity 35232K, committed 35456K, reserved 1081344K
  class space    used 4097K, capacity 4211K, committed 4224K, reserved 1048576K
}
Event: 15.246 GC heap before
{Heap before GC invocations=13 (full 2):
 PSYoungGen      total 171520K, used 9571K [0x00000000eb800000, 0x00000000faa80000, 0x0000000100000000)
  eden space 159744K, 0% used [0x00000000eb800000,0x00000000eb800000,0x00000000f5400000)
  from space 11776K, 81% used [0x00000000f5400000,0x00000000f5d58e90,0x00000000f5f80000)
  to   space 12800K, 0% used [0x00000000f9e00000,0x00000000f9e00000,0x00000000faa80000)
 ParOldGen       total 35840K, used 21916K [0x00000000c2800000, 0x00000000c4b00000, 0x00000000eb800000)
  object space 35840K, 61% used [0x00000000c2800000,0x00000000c3d67008,0x00000000c4b00000)
 Metaspace       used 34830K, capacity 35232K, committed 35456K, reserved 1081344K
  class space    used 4097K, capacity 4211K, committed 4224K, reserved 1048576K
Event: 15.390 GC heap after
Heap after GC invocations=13 (full 2):
 PSYoungGen      total 171520K, used 0K [0x00000000eb800000, 0x00000000faa80000, 0x0000000100000000)
  eden space 159744K, 0% used [0x00000000eb800000,0x00000000eb800000,0x00000000f5400000)
  from space 11776K, 0% used [0x00000000f5400000,0x00000000f5400000,0x00000000f5f80000)
  to   space 12800K, 0% used [0x00000000f9e00000,0x00000000f9e00000,0x00000000faa80000)
 ParOldGen       total 57856K, used 24750K [0x00000000c2800000, 0x00000000c6080000, 0x00000000eb800000)
  object space 57856K, 42% used [0x00000000c2800000,0x00000000c402b988,0x00000000c6080000)
 Metaspace       used 34830K, capacity 35232K, committed 35456K, reserved 1081344K
  class space    used 4097K, capacity 4211K, committed 4224K, reserved 1048576K
}
Event: 649.680 GC heap before
{Heap before GC invocations=14 (full 2):
 PSYoungGen      total 171520K, used 159744K [0x00000000eb800000, 0x00000000faa80000, 0x0000000100000000)
  eden space 159744K, 100% used [0x00000000eb800000,0x00000000f5400000,0x00000000f5400000)
  from space 11776K, 0% used [0x00000000f5400000,0x00000000f5400000,0x00000000f5f80000)
  to   space 12800K, 0% used [0x00000000f9e00000,0x00000000f9e00000,0x00000000faa80000)
 ParOldGen       total 57856K, used 24750K [0x00000000c2800000, 0x00000000c6080000, 0x00000000eb800000)
  object space 57856K, 42% used [0x00000000c2800000,0x00000000c402b988,0x00000000c6080000)
 Metaspace       used 40394K, capacity 40820K, committed 41216K, reserved 1085440K
  class space    used 4699K, capacity 4856K, committed 4864K, reserved 1048576K
Event: 649.743 GC heap after
Heap after GC invocations=14 (full 2):
 PSYoungGen      total 225792K, used 7745K [0x00000000eb800000, 0x00000000fa600000, 0x0000000100000000)
  eden space 217600K, 0% used [0x00000000eb800000,0x00000000eb800000,0x00000000f8c80000)
  from space 8192K, 94% used [0x00000000f9e00000,0x00000000fa590578,0x00000000fa600000)
  to   space 12800K, 0% used [0x00000000f8d00000,0x00000000f8d00000,0x00000000f9980000)
 ParOldGen       total 57856K, used 24777K [0x00000000c2800000, 0x00000000c6080000, 0x00000000eb800000)
  object space 57856K, 42% used [0x00000000c2800000,0x00000000c40325d8,0x00000000c6080000)
 Metaspace       used 40394K, capacity 40820K, committed 41216K, reserved 1085440K
  class space    used 4699K, capacity 4856K, committed 4864K, reserved 1048576K
}
Event: 1919.292 GC heap before
{Heap before GC invocations=15 (full 2):
 PSYoungGen      total 225792K, used 225345K [0x00000000eb800000, 0x00000000fa600000, 0x0000000100000000)
  eden space 217600K, 100% used [0x00000000eb800000,0x00000000f8c80000,0x00000000f8c80000)
  from space 8192K, 94% used [0x00000000f9e00000,0x00000000fa590578,0x00000000fa600000)
  to   space 12800K, 0% used [0x00000000f8d00000,0x00000000f8d00000,0x00000000f9980000)
 ParOldGen       total 57856K, used 24777K [0x00000000c2800000, 0x00000000c6080000, 0x00000000eb800000)
  object space 57856K, 42% used [0x00000000c2800000,0x00000000c40325d8,0x00000000c6080000)
 Metaspace       used 40415K, capacity 40884K, committed 41216K, reserved 1085440K
  class space    used 4699K, capacity 4856K, committed 4864K, reserved 1048576K

